<?xml version="1.0" encoding="UTF-8"?>
<!-- Generated by org.testng.reporters.JUnitReportReporter -->
<testsuite hostname="DESKTOP-NN9F1OB" failures="0" tests="1" name="testNg.Salary" time="19.473" errors="0" timestamp="2024-02-29T21:51:19 IST" skipped="0">
  <testcase classname="testNg.Salary" name="salaryMethod" time="19.473"/>
  <system-out/>
</testsuite> <!-- testNg.Salary -->
