<?xml version="1.0" encoding="UTF-8"?>
<!-- Generated by org.testng.reporters.JUnitReportReporter -->
<testsuite hostname="DESKTOP-NN9F1OB" failures="0" tests="1" name="testNg.login" time="10.057" errors="0" timestamp="2024-02-29T12:51:41 IST" skipped="0">
  <testcase classname="testNg.login" name="loginmethod" time="10.057"/>
  <system-out/>
</testsuite> <!-- testNg.login -->
