<?xml version="1.0" encoding="UTF-8"?>
<!-- Generated by org.testng.reporters.JUnitReportReporter -->
<testsuite hostname="DESKTOP-NN9F1OB" failures="0" tests="1" name="testNg.reportto" time="14.389" errors="0" timestamp="2024-02-29T20:52:21 IST" skipped="0">
  <testcase classname="testNg.reportto" name="reportmethod" time="14.389"/>
  <system-out/>
</testsuite> <!-- testNg.reportto -->
