<?xml version="1.0" encoding="UTF-8"?>
<!-- Generated by org.testng.reporters.JUnitReportReporter -->
<testsuite hostname="DESKTOP-NN9F1OB" failures="0" tests="1" name="testNg.immg1" time="22.887" errors="0" timestamp="2024-02-29T23:05:31 IST" skipped="0">
  <testcase classname="testNg.immg1" name="Immigrationmethod" time="22.887"/>
  <system-out/>
</testsuite> <!-- testNg.immg1 -->
